[2025-12-11 03:55:17] [INFO] Log file: C:\Users\JARVIS\OneDrive\Documents\Real_estate_Intelligence\logs\autonomous\autonomous_20251211_035517.log
[2025-12-11 03:55:17] [INFO] Auto-Keep enabled: True
[2025-12-11 03:55:17] [INFO] Auto-Approve enabled: True
[2025-12-11 03:55:17] [INFO] ==================================================================
[2025-12-11 03:55:17] [INFO] STARTING FULL AUTONOMOUS CYCLE
[2025-12-11 03:55:18] [INFO] ==================================================================
[2025-12-11 03:55:18] [INFO] Starting AUTO-ANALYSIS module...
[2025-12-11 03:55:18] [DEBUG] Analyzing project structure...
[2025-12-11 03:55:18] [DEBUG] Analyzing dependencies...
[2025-12-11 03:55:18] [DEBUG] Analyzing configuration files...
[2025-12-11 03:55:18] [DEBUG] Analyzing git status...
[2025-12-11 03:55:19] [SUCCESS] AUTO-ANALYSIS completed successfully
[2025-12-11 03:55:19] [DEBUG] Running AUTO-VALIDATE for step: post-analysis...
[2025-12-11 03:55:19] [DEBUG] Validating file integrity...
[2025-12-11 03:55:19] [DEBUG] Validating Node.js & npm...
[2025-12-11 03:55:24] [DEBUG] Validating TypeScript compilation...
[2025-12-11 03:55:30] [DEBUG] Validating dependencies health...
[2025-12-11 03:55:30] [DEBUG] Validating build artifacts...
[2025-12-11 03:55:30] [DEBUG] Validating environment configuration...
[2025-12-11 03:55:30] [DEBUG] Validating step-specific context...
[2025-12-11 03:55:30] [WARN] Validation completed with 3 issue(s)
[2025-12-11 03:55:31] [INFO] Starting AUTO-DIAGNOSIS module...
[2025-12-11 03:55:31] [DEBUG] Checking Node.js and npm versions...
[2025-12-11 03:55:35] [DEBUG] Checking Docker daemon...
[2025-12-11 03:55:36] [DEBUG] Checking package installation...
[2025-12-11 03:55:36] [DEBUG] Checking build artifacts...
[2025-12-11 03:55:36] [DEBUG] Checking environment variables...
[2025-12-11 03:55:36] [SUCCESS] AUTO-DIAGNOSIS completed with 0 critical issues
[2025-12-11 03:55:36] [DEBUG] Running AUTO-VALIDATE for step: post-diagnosis...
[2025-12-11 03:55:36] [DEBUG] Validating file integrity...
[2025-12-11 03:55:36] [DEBUG] Validating Node.js & npm...
[2025-12-11 03:55:41] [DEBUG] Validating TypeScript compilation...
[2025-12-11 03:55:48] [DEBUG] Validating dependencies health...
[2025-12-11 03:55:48] [DEBUG] Validating build artifacts...
[2025-12-11 03:55:48] [DEBUG] Validating environment configuration...
[2025-12-11 03:55:48] [DEBUG] Validating step-specific context...
[2025-12-11 03:55:48] [WARN] Validation completed with 3 issue(s)
[2025-12-11 03:55:48] [INFO] Starting AUTO-FIX module...
[2025-12-11 03:55:48] [DEBUG] Checking for missing dependencies...
[2025-12-11 03:55:48] [INFO] Installing dependencies...
[2025-12-11 03:55:48] [INFO] Auto-Approve: Approving install dependencies in confirmation
[2025-12-11 03:58:05] [DEBUG] Checking TypeScript build...
[2025-12-11 03:58:05] [INFO] Rebuilding TypeScript...
[2025-12-11 03:58:05] [INFO] Auto-Approve: Approving rebuild TypeScript in confirmation
[2025-12-11 03:58:09] [DEBUG] Running TypeScript type checker...
[2025-12-11 03:58:09] [INFO] Auto-Approve: Approving run type checking in confirmation
[2025-12-11 03:58:12] [DEBUG] Running ESLint...
[2025-12-11 03:58:12] [INFO] Auto-Approve: Approving run linting in confirmation
[2025-12-11 03:58:16] [SUCCESS] AUTO-FIX completed
[2025-12-11 03:58:16] [DEBUG] Running AUTO-VALIDATE for step: post-fix...
[2025-12-11 03:58:16] [DEBUG] Validating file integrity...
[2025-12-11 03:58:16] [DEBUG] Validating Node.js & npm...
[2025-12-11 03:58:20] [DEBUG] Validating TypeScript compilation...
[2025-12-11 03:58:27] [DEBUG] Validating build artifacts...
[2025-12-11 03:58:27] [DEBUG] Validating environment configuration...
[2025-12-11 03:58:27] [DEBUG] Validating step-specific context...
[2025-12-11 03:58:27] [WARN] Validation completed with 3 issue(s)
[2025-12-11 03:58:27] [INFO] Starting AUTO-HEAL module...
[2025-12-11 03:58:27] [DEBUG] Cleaning npm cache and node_modules...
[2025-12-11 03:58:27] [INFO] Auto-Keep: Approving clean cache and reinstall in confirmation
[2025-12-11 04:00:45] [DEBUG] Resetting build directory...
[2025-12-11 04:00:45] [INFO] Auto-Keep: Approving reset and rebuild in confirmation
[2025-12-11 04:00:49] [DEBUG] Verifying core module integrity...
[2025-12-11 04:00:49] [WARN] Missing critical file: dist/index.js
[2025-12-11 04:00:49] [SUCCESS] AUTO-HEAL completed
[2025-12-11 04:00:49] [DEBUG] Running AUTO-VALIDATE for step: post-heal...
[2025-12-11 04:00:49] [DEBUG] Validating file integrity...
[2025-12-11 04:00:49] [DEBUG] Validating Node.js & npm...
[2025-12-11 04:00:53] [DEBUG] Validating TypeScript compilation...
[2025-12-11 04:01:00] [DEBUG] Validating dependencies health...
[2025-12-11 04:01:00] [DEBUG] Validating build artifacts...
[2025-12-11 04:01:00] [DEBUG] Validating environment configuration...
[2025-12-11 04:01:00] [DEBUG] Validating step-specific context...
[2025-12-11 04:01:00] [WARN] Validation completed with 3 issue(s)
[2025-12-11 04:01:00] [INFO] Starting AUTO-OPTIMIZE module...
[2025-12-11 04:01:00] [DEBUG] Auditing dependencies for vulnerabilities...
[2025-12-11 04:01:05] [DEBUG] Analyzing build size...
[2025-12-11 04:01:05] [DEBUG] Checking for unused files...
[2025-12-11 04:01:05] [SUCCESS] AUTO-OPTIMIZE completed
[2025-12-11 04:01:05] [INFO] Starting AUTO-ENHANCE module...
[2025-12-11 04:01:05] [DEBUG] Checking documentation completeness...
[2025-12-11 04:01:05] [DEBUG] Checking test files...
[2025-12-11 04:01:05] [DEBUG] Checking monitoring setup...
[2025-12-11 04:01:05] [DEBUG] Checking API documentation...
[2025-12-11 04:01:05] [SUCCESS] AUTO-ENHANCE completed
[2025-12-11 04:01:05] [INFO] ==================================================================
[2025-12-11 04:01:05] [SUCCESS] FULL CYCLE COMPLETED
[2025-12-11 04:01:05] [INFO] ==================================================================
[2025-12-11 04:01:05] [SUCCESS] Report saved to: C:\Users\JARVIS\OneDrive\Documents\Real_estate_Intelligence\reports\autonomous\analysis_20251211_035517.json
