[2025-12-11 01:43:58] [INFO] Log file: C:\Users\JARVIS\OneDrive\Documents\Real_estate_Intelligence\logs\autonomous\autonomous_20251211_014358.log
[2025-12-11 01:43:58] [INFO] Auto-Keep enabled: True
[2025-12-11 01:43:58] [INFO] Auto-Approve enabled: True
[2025-12-11 01:43:58] [INFO] ==================================================================
[2025-12-11 01:43:58] [INFO] STARTING FULL AUTONOMOUS CYCLE
[2025-12-11 01:43:58] [INFO] ==================================================================
[2025-12-11 01:43:58] [INFO] Starting AUTO-ANALYSIS module...
[2025-12-11 01:43:58] [DEBUG] Analyzing project structure...
[2025-12-11 01:43:58] [DEBUG] Analyzing dependencies...
[2025-12-11 01:43:58] [DEBUG] Analyzing configuration files...
[2025-12-11 01:43:58] [DEBUG] Analyzing git status...
[2025-12-11 01:43:59] [SUCCESS] AUTO-ANALYSIS completed successfully
[2025-12-11 01:43:59] [DEBUG] Running AUTO-VALIDATE for step: post-analysis...
[2025-12-11 01:43:59] [DEBUG] Validating file integrity...
[2025-12-11 01:43:59] [DEBUG] Validating Node.js & npm...
[2025-12-11 01:44:04] [DEBUG] Validating TypeScript compilation...
[2025-12-11 01:44:11] [DEBUG] Validating dependencies health...
[2025-12-11 01:44:11] [DEBUG] Validating build artifacts...
[2025-12-11 01:44:11] [DEBUG] Validating environment configuration...
[2025-12-11 01:44:11] [DEBUG] Validating step-specific context...
[2025-12-11 01:44:11] [WARN] Validation completed with 3 issue(s)
[2025-12-11 01:44:11] [INFO] Starting AUTO-DIAGNOSIS module...
[2025-12-11 01:44:11] [DEBUG] Checking Node.js and npm versions...
[2025-12-11 01:44:16] [DEBUG] Checking Docker daemon...
[2025-12-11 01:44:17] [DEBUG] Checking package installation...
[2025-12-11 01:44:17] [DEBUG] Checking build artifacts...
[2025-12-11 01:44:17] [DEBUG] Checking environment variables...
[2025-12-11 01:44:17] [SUCCESS] AUTO-DIAGNOSIS completed with 0 critical issues
[2025-12-11 01:44:17] [DEBUG] Running AUTO-VALIDATE for step: post-diagnosis...
[2025-12-11 01:44:17] [DEBUG] Validating file integrity...
[2025-12-11 01:44:17] [DEBUG] Validating Node.js & npm...
[2025-12-11 01:44:21] [DEBUG] Validating TypeScript compilation...
[2025-12-11 01:44:28] [DEBUG] Validating dependencies health...
[2025-12-11 01:44:28] [DEBUG] Validating build artifacts...
[2025-12-11 01:44:28] [DEBUG] Validating environment configuration...
[2025-12-11 01:44:28] [DEBUG] Validating step-specific context...
[2025-12-11 01:44:28] [WARN] Validation completed with 3 issue(s)
[2025-12-11 01:44:28] [INFO] Starting AUTO-FIX module...
[2025-12-11 01:44:28] [DEBUG] Checking for missing dependencies...
[2025-12-11 01:44:28] [INFO] Installing dependencies...
[2025-12-11 01:44:28] [INFO] Auto-Approve: Approving install dependencies in confirmation
[2025-12-11 01:46:34] [DEBUG] Checking TypeScript build...
[2025-12-11 01:46:34] [INFO] Rebuilding TypeScript...
[2025-12-11 01:46:34] [INFO] Auto-Approve: Approving rebuild TypeScript in confirmation
[2025-12-11 01:46:38] [DEBUG] Running TypeScript type checker...
[2025-12-11 01:46:38] [INFO] Auto-Approve: Approving run type checking in confirmation
[2025-12-11 01:46:41] [DEBUG] Running ESLint...
[2025-12-11 01:46:41] [INFO] Auto-Approve: Approving run linting in confirmation
[2025-12-11 01:46:44] [SUCCESS] AUTO-FIX completed
[2025-12-11 01:46:44] [DEBUG] Running AUTO-VALIDATE for step: post-fix...
[2025-12-11 01:46:44] [DEBUG] Validating file integrity...
[2025-12-11 01:46:44] [DEBUG] Validating Node.js & npm...
[2025-12-11 01:46:49] [DEBUG] Validating TypeScript compilation...
[2025-12-11 01:46:56] [DEBUG] Validating dependencies health...
[2025-12-11 01:46:56] [DEBUG] Validating build artifacts...
[2025-12-11 01:46:56] [DEBUG] Validating environment configuration...
[2025-12-11 01:46:56] [DEBUG] Validating step-specific context...
[2025-12-11 01:46:56] [WARN] Validation completed with 3 issue(s)
[2025-12-11 01:46:56] [INFO] Starting AUTO-HEAL module...
[2025-12-11 01:46:56] [DEBUG] Cleaning npm cache and node_modules...
[2025-12-11 01:46:56] [INFO] Auto-Keep: Approving clean cache and reinstall in confirmation
[2025-12-11 01:49:21] [DEBUG] Resetting build directory...
[2025-12-11 01:49:21] [INFO] Auto-Keep: Approving reset and rebuild in confirmation
[2025-12-11 01:49:25] [DEBUG] Verifying core module integrity...
[2025-12-11 01:49:25] [WARN] Missing critical file: dist/index.js
[2025-12-11 01:49:25] [SUCCESS] AUTO-HEAL completed
[2025-12-11 01:49:25] [DEBUG] Running AUTO-VALIDATE for step: post-heal...
[2025-12-11 01:49:25] [DEBUG] Validating file integrity...
[2025-12-11 01:49:25] [DEBUG] Validating Node.js & npm...
[2025-12-11 01:49:29] [DEBUG] Validating TypeScript compilation...
[2025-12-11 01:49:36] [DEBUG] Validating dependencies health...
[2025-12-11 01:49:36] [DEBUG] Validating build artifacts...
[2025-12-11 01:49:36] [DEBUG] Validating environment configuration...
[2025-12-11 01:49:36] [DEBUG] Validating step-specific context...
[2025-12-11 01:49:36] [WARN] Validation completed with 3 issue(s)
[2025-12-11 01:49:36] [INFO] Starting AUTO-OPTIMIZE module...
[2025-12-11 01:49:36] [DEBUG] Auditing dependencies for vulnerabilities...
[2025-12-11 01:49:41] [DEBUG] Analyzing build size...
[2025-12-11 01:49:41] [DEBUG] Checking for unused files...
[2025-12-11 01:49:41] [SUCCESS] AUTO-OPTIMIZE completed
[2025-12-11 01:49:41] [INFO] Starting AUTO-ENHANCE module...
[2025-12-11 01:49:41] [DEBUG] Checking documentation completeness...
[2025-12-11 01:49:41] [DEBUG] Checking test files...
[2025-12-11 01:49:42] [DEBUG] Checking monitoring setup...
[2025-12-11 01:49:42] [DEBUG] Checking API documentation...
[2025-12-11 01:49:42] [SUCCESS] AUTO-ENHANCE completed
[2025-12-11 01:49:42] [INFO] ==================================================================
[2025-12-11 01:49:42] [SUCCESS] FULL CYCLE COMPLETED
[2025-12-11 01:49:42] [INFO] ==================================================================
[2025-12-11 01:49:42] [SUCCESS] Report saved to: C:\Users\JARVIS\OneDrive\Documents\Real_estate_Intelligence\reports\autonomous\analysis_20251211_014358.json
