[2025-12-11 01:58:41] [INFO] Log file: C:\Users\JARVIS\OneDrive\Documents\Real_estate_Intelligence\logs\autonomous\autonomous_20251211_015841.log
[2025-12-11 01:58:41] [INFO] Auto-Keep enabled: True
[2025-12-11 01:58:41] [INFO] Auto-Approve enabled: True
[2025-12-11 01:58:41] [INFO] ==================================================================
[2025-12-11 01:58:41] [INFO] STARTING FULL AUTONOMOUS CYCLE
[2025-12-11 01:58:41] [INFO] ==================================================================
[2025-12-11 01:58:41] [INFO] Starting AUTO-ANALYSIS module...
[2025-12-11 01:58:41] [DEBUG] Analyzing project structure...
[2025-12-11 01:58:42] [DEBUG] Analyzing dependencies...
[2025-12-11 01:58:42] [DEBUG] Analyzing configuration files...
[2025-12-11 01:58:42] [DEBUG] Analyzing git status...
[2025-12-11 01:58:42] [SUCCESS] AUTO-ANALYSIS completed successfully
[2025-12-11 01:58:42] [DEBUG] Running AUTO-VALIDATE for step: post-analysis...
[2025-12-11 01:58:42] [DEBUG] Validating file integrity...
[2025-12-11 01:58:42] [DEBUG] Validating Node.js & npm...
[2025-12-11 01:58:47] [DEBUG] Validating TypeScript compilation...
[2025-12-11 01:58:54] [DEBUG] Validating dependencies health...
[2025-12-11 01:58:54] [DEBUG] Validating build artifacts...
[2025-12-11 01:58:54] [DEBUG] Validating environment configuration...
[2025-12-11 01:58:54] [DEBUG] Validating step-specific context...
[2025-12-11 01:58:54] [WARN] Validation completed with 3 issue(s)
[2025-12-11 01:58:54] [INFO] Starting AUTO-DIAGNOSIS module...
[2025-12-11 01:58:54] [DEBUG] Checking Node.js and npm versions...
[2025-12-11 01:58:59] [DEBUG] Checking Docker daemon...
[2025-12-11 01:59:00] [DEBUG] Checking package installation...
[2025-12-11 01:59:00] [DEBUG] Checking build artifacts...
[2025-12-11 01:59:00] [DEBUG] Checking environment variables...
[2025-12-11 01:59:00] [SUCCESS] AUTO-DIAGNOSIS completed with 0 critical issues
[2025-12-11 01:59:00] [DEBUG] Running AUTO-VALIDATE for step: post-diagnosis...
[2025-12-11 01:59:00] [DEBUG] Validating file integrity...
[2025-12-11 01:59:00] [DEBUG] Validating Node.js & npm...
[2025-12-11 01:59:05] [DEBUG] Validating TypeScript compilation...
[2025-12-11 01:59:11] [DEBUG] Validating dependencies health...
[2025-12-11 01:59:11] [DEBUG] Validating build artifacts...
[2025-12-11 01:59:11] [DEBUG] Validating environment configuration...
[2025-12-11 01:59:11] [DEBUG] Validating step-specific context...
[2025-12-11 01:59:11] [WARN] Validation completed with 3 issue(s)
[2025-12-11 01:59:11] [INFO] Starting AUTO-FIX module...
[2025-12-11 01:59:11] [DEBUG] Checking for missing dependencies...
[2025-12-11 01:59:12] [INFO] Installing dependencies...
[2025-12-11 01:59:12] [INFO] Auto-Approve: Approving install dependencies in confirmation
[2025-12-11 02:00:01] [DEBUG] Checking TypeScript build...
[2025-12-11 02:00:01] [INFO] Rebuilding TypeScript...
[2025-12-11 02:00:01] [INFO] Auto-Approve: Approving rebuild TypeScript in confirmation
[2025-12-11 02:00:04] [DEBUG] Running TypeScript type checker...
[2025-12-11 02:00:04] [INFO] Auto-Approve: Approving run type checking in confirmation
[2025-12-11 02:00:08] [DEBUG] Running ESLint...
[2025-12-11 02:00:08] [INFO] Auto-Approve: Approving run linting in confirmation
[2025-12-11 02:00:11] [SUCCESS] AUTO-FIX completed
[2025-12-11 02:00:11] [DEBUG] Running AUTO-VALIDATE for step: post-fix...
[2025-12-11 02:00:11] [DEBUG] Validating file integrity...
[2025-12-11 02:00:12] [DEBUG] Validating Node.js & npm...
[2025-12-11 02:00:16] [DEBUG] Validating TypeScript compilation...
[2025-12-11 02:00:36] [DEBUG] Validating dependencies health...
[2025-12-11 02:00:36] [DEBUG] Validating build artifacts...
[2025-12-11 02:00:36] [DEBUG] Validating environment configuration...
[2025-12-11 02:00:36] [DEBUG] Validating step-specific context...
[2025-12-11 02:00:36] [WARN] Validation completed with 3 issue(s)
[2025-12-11 02:00:36] [INFO] Starting AUTO-HEAL module...
[2025-12-11 02:00:36] [DEBUG] Cleaning npm cache and node_modules...
[2025-12-11 02:00:36] [INFO] Auto-Keep: Approving clean cache and reinstall in confirmation
