[2025-12-11 03:38:16] [INFO] ========================================
[2025-12-11 03:38:16] [INFO] SOP ENFORCEMENT AGENT STARTED
[2025-12-11 03:38:16] [INFO] Mode: validate | Auto-Fix: True | Dry-Run: False
[2025-12-11 03:38:16] [INFO] ========================================
[2025-12-11 03:38:16] [INFO] Running VALIDATE mode - checking SOP compliance...
[2025-12-11 03:38:16] [INFO] Loaded TASK_MANIFEST.json (version 2.0)
[2025-12-11 03:38:16] [INFO] Validating task structure...
[2025-12-11 03:38:16] [INFO] Task structure validation complete: 0 issues found
[2025-12-11 03:38:16] [INFO] Validating index references...
[2025-12-11 03:38:16] [WARN] Index validation complete: 0 missing references
[2025-12-11 03:38:16] [INFO] Validating task dependencies...
[2025-12-11 03:38:16] [INFO] Dependency validation complete: 2 issues found
[2025-12-11 03:38:17] [INFO] Validating agent compliance...
[2025-12-11 03:38:17] [INFO] Agent compliance check complete: 43 items noted
[2025-12-11 03:38:17] [INFO] Validating file structure...
[2025-12-11 03:38:17] [INFO] File structure validation complete: 0 issues found
[2025-12-11 03:38:17] [INFO] Generating SOP enforcement report...
[2025-12-11 03:38:17] [ERROR] FATAL ERROR: A parameter cannot be found that matches parameter name 'Path'.
[2025-12-11 03:38:17] [ERROR] Stack trace: at Generate-Report, C:\Users\JARVIS\OneDrive\Documents\Real_estate_Intelligence\agents\sop_enforcement_agent.ps1: line 425
at Invoke-ValidateMode, C:\Users\JARVIS\OneDrive\Documents\Real_estate_Intelligence\agents\sop_enforcement_agent.ps1: line 477
at <ScriptBlock>, C:\Users\JARVIS\OneDrive\Documents\Real_estate_Intelligence\agents\sop_enforcement_agent.ps1: line 563
