[2025-12-11 04:01:18] [INFO] ========================================
[2025-12-11 04:01:18] [INFO] SOP ENFORCEMENT AGENT STARTED
[2025-12-11 04:01:18] [INFO] Mode: enforce | Auto-Fix: True | Dry-Run: False
[2025-12-11 04:01:18] [INFO] ========================================
[2025-12-11 04:01:18] [INFO] Running ENFORCE mode - applying SOP corrections...
[2025-12-11 04:01:18] [INFO] Loaded TASK_MANIFEST.json (version 2.0)
[2025-12-11 04:01:18] [INFO] Validating task structure...
[2025-12-11 04:01:18] [INFO] Task structure validation complete: 0 issues found
[2025-12-11 04:01:19] [INFO] Validating index references...
[2025-12-11 04:01:19] [WARN] Index validation complete: 0 missing references
[2025-12-11 04:01:19] [INFO] Validating task dependencies...
[2025-12-11 04:01:19] [INFO] Dependency validation complete: 2 issues found
[2025-12-11 04:01:19] [INFO] Validating agent compliance...
[2025-12-11 04:01:19] [INFO] Agent compliance check complete: 43 items noted
[2025-12-11 04:01:19] [INFO] Validating file structure...
[2025-12-11 04:01:19] [INFO] File structure validation complete: 0 issues found
[2025-12-11 04:01:19] [INFO] Enforcing system procedures...
[2025-12-11 04:01:19] [INFO] Loaded TASK_MANIFEST.json (version 2.0)
[2025-12-11 04:01:19] [INFO] Enforcement complete: 0 procedures enforced, 0 items flagged
[2025-12-11 04:01:19] [INFO] Generating SOP enforcement report...
[2025-12-11 04:01:19] [SUCCESS] Report saved to: C:\Users\JARVIS\OneDrive\Documents\Real_estate_Intelligence\reports\sop-enforcement\sop_report_20251211_040118.json
[2025-12-11 04:01:19] [SUCCESS] SOP ENFORCEMENT AGENT COMPLETED SUCCESSFULLY
[2025-12-11 04:01:19] [INFO] Log file: C:\Users\JARVIS\OneDrive\Documents\Real_estate_Intelligence\logs\sop-enforcement\sop_enforcement_20251211_040118.log
[2025-12-11 04:01:19] [INFO] Report file: C:\Users\JARVIS\OneDrive\Documents\Real_estate_Intelligence\reports\sop-enforcement\sop_report_20251211_040118.json
