[2025-12-11 03:55:09] [PHASE] ======================================================
[2025-12-11 03:55:09] [PHASE] MASTER ORCHESTRATION STARTING
[2025-12-11 03:55:10] [PHASE] ======================================================
[2025-12-11 03:55:10] [INFO] 
[2025-12-11 03:55:10] [PHASE] PHASE 1: AUTONOMOUS FULL-CYCLE
[2025-12-11 03:55:13] [INFO]   
[2025-12-11 03:55:13] [INFO]   > real-estate-intelligence@1.0.0 autonomous:full-cycle
[2025-12-11 03:55:13] [INFO]   > powershell -File scripts/autonomous-agent.ps1 -Mode full-cycle
[2025-12-11 03:55:13] [INFO]   
[2025-12-11 03:55:17] [INFO]   =====================================================================
[2025-12-11 03:55:17] [INFO]     AUTONOMOUS AGENT - Real Estate Intelligence System
[2025-12-11 03:55:17] [INFO]     Mode: full-cycle
[2025-12-11 03:55:17] [INFO]     DryRun: False | Verbose: False
[2025-12-11 03:55:17] [INFO]     AutoKeep: True | AutoApprove: True
[2025-12-11 03:55:17] [INFO]   =====================================================================
[2025-12-11 03:55:17] [INFO]   [2025-12-11 03:55:17] [INFO] Log file: C:\Users\JARVIS\OneDrive\Documents\Real_estate_Intelligence\logs\autonomous\autonomous_20251211_035517.log
[2025-12-11 03:55:17] [INFO]   [2025-12-11 03:55:17] [INFO] Auto-Keep enabled: True
[2025-12-11 03:55:17] [INFO]   [2025-12-11 03:55:17] [INFO] Auto-Approve enabled: True
[2025-12-11 03:55:18] [INFO]   [2025-12-11 03:55:17] [INFO] ==================================================================
[2025-12-11 03:55:18] [INFO]   [2025-12-11 03:55:17] [INFO] STARTING FULL AUTONOMOUS CYCLE
[2025-12-11 03:55:18] [INFO]   [2025-12-11 03:55:18] [INFO] ==================================================================
[2025-12-11 03:55:18] [INFO]   [2025-12-11 03:55:18] [INFO] Starting AUTO-ANALYSIS module...
[2025-12-11 03:55:19] [INFO]   [2025-12-11 03:55:19] [SUCCESS] AUTO-ANALYSIS completed successfully
[2025-12-11 03:55:30] [INFO]   [2025-12-11 03:55:30] [WARN] Validation completed with 3 issue(s)
[2025-12-11 03:55:31] [INFO]   [2025-12-11 03:55:31] [INFO] Starting AUTO-DIAGNOSIS module...
[2025-12-11 03:55:36] [INFO]   [2025-12-11 03:55:36] [SUCCESS] AUTO-DIAGNOSIS completed with 0 critical issues
[2025-12-11 03:55:48] [INFO]   [2025-12-11 03:55:48] [WARN] Validation completed with 3 issue(s)
[2025-12-11 03:55:48] [INFO]   [2025-12-11 03:55:48] [INFO] Starting AUTO-FIX module...
[2025-12-11 03:55:48] [INFO]   [2025-12-11 03:55:48] [INFO] Installing dependencies...
[2025-12-11 03:55:48] [INFO]   [2025-12-11 03:55:48] [INFO] Auto-Approve: Approving install dependencies in confirmation
[2025-12-11 03:58:05] [INFO]   [2025-12-11 03:58:05] [INFO] Rebuilding TypeScript...
[2025-12-11 03:58:05] [INFO]   [2025-12-11 03:58:05] [INFO] Auto-Approve: Approving rebuild TypeScript in confirmation
[2025-12-11 03:58:09] [INFO]   [2025-12-11 03:58:09] [INFO] Auto-Approve: Approving run type checking in confirmation
[2025-12-11 03:58:12] [INFO]   [2025-12-11 03:58:12] [INFO] Auto-Approve: Approving run linting in confirmation
[2025-12-11 03:58:16] [INFO]   [2025-12-11 03:58:16] [SUCCESS] AUTO-FIX completed
[2025-12-11 04:01:05] [SUCCESS] PHASE 1: SUCCESS
[2025-12-11 04:01:05] [INFO] 
[2025-12-11 04:01:05] [PHASE] PHASE 2: SOP VALIDATION
[2025-12-11 04:01:10] [INFO]   [2025-12-11 04:01:10] [WARN] Index validation complete: 0 missing references
[2025-12-11 04:01:10] [INFO]   
[2025-12-11 04:01:10] [INFO]   ========================================
[2025-12-11 04:01:10] [INFO]   SOP ENFORCEMENT REPORT
[2025-12-11 04:01:10] [INFO]   ========================================
[2025-12-11 04:01:10] [INFO]   Timestamp: 2025-12-11 04:01:10
[2025-12-11 04:01:10] [INFO]   Index: 5.A.1
[2025-12-11 04:01:10] [INFO]   
[2025-12-11 04:01:10] [INFO]   VALIDATION SUMMARY:
[2025-12-11 04:01:10] [INFO]     Task Structure Violations: 0
[2025-12-11 04:01:10] [INFO]     Index Reference Violations: 0
[2025-12-11 04:01:10] [INFO]     Dependency Violations: 2
[2025-12-11 04:01:10] [INFO]     Agent Compliance Issues: 43
[2025-12-11 04:01:10] [INFO]     File Structure Issues: 0
[2025-12-11 04:01:10] [INFO]   
[2025-12-11 04:01:10] [INFO]   TOTAL ISSUES: 45
[2025-12-11 04:01:10] [INFO]   
[2025-12-11 04:01:10] [INFO]   Reports saved to:
[2025-12-11 04:01:10] [INFO]     JSON Report: C:\Users\JARVIS\OneDrive\Documents\Real_estate_Intelligence\reports\sop-enforcement\sop_report_20251211_040109.json
[2025-12-11 04:01:10] [INFO]     Actions Log: C:\Users\JARVIS\OneDrive\Documents\Real_estate_Intelligence\reports\sop-enforcement\enforcement_actions_20251211_040109.log
[2025-12-11 04:01:10] [SUCCESS] PHASE 2: SUCCESS
[2025-12-11 04:01:10] [INFO] 
[2025-12-11 04:01:10] [PHASE] PHASE 3: COMPLIANCE MONITORING
[2025-12-11 04:01:14] [INFO]   At C:\Users\JARVIS\OneDrive\Documents\Real_estate_Intelligence\agents\compliance_monitor_agent.ps1:456 char:33
[2025-12-11 04:01:14] [INFO]   + Write-Host "`nâo. Audit complete" -ForegroundColor Green
[2025-12-11 04:01:14] [INFO]   +                                 ~~~~~~~~~~~~~~~~~~~~~~~~
[2025-12-11 04:01:14] [INFO]   The string is missing the terminator: ".
[2025-12-11 04:01:14] [INFO]       + CategoryInfo          : ParserError: (:) [], ParentContainsErrorRecordException
[2025-12-11 04:01:14] [INFO]       + FullyQualifiedErrorId : TerminatorExpectedAtEndOfString
[2025-12-11 04:01:14] [INFO]    
[2025-12-11 04:01:14] [SUCCESS] PHASE 3: SUCCESS
[2025-12-11 04:01:14] [INFO] 
[2025-12-11 04:01:14] [PHASE] PHASE 4: SOP ENFORCEMENT (AUTO-FIX)
[2025-12-11 04:01:19] [INFO]   [2025-12-11 04:01:19] [WARN] Index validation complete: 0 missing references
[2025-12-11 04:01:19] [INFO]   
[2025-12-11 04:01:19] [INFO]   ========================================
[2025-12-11 04:01:19] [INFO]   SOP ENFORCEMENT REPORT
[2025-12-11 04:01:19] [INFO]   ========================================
[2025-12-11 04:01:19] [INFO]   Timestamp: 2025-12-11 04:01:19
[2025-12-11 04:01:19] [INFO]   Index: 5.A.1
[2025-12-11 04:01:19] [INFO]   
[2025-12-11 04:01:19] [INFO]   VALIDATION SUMMARY:
[2025-12-11 04:01:19] [INFO]     Task Structure Violations: 0
[2025-12-11 04:01:19] [INFO]     Index Reference Violations: 0
[2025-12-11 04:01:19] [INFO]     Dependency Violations: 2
[2025-12-11 04:01:19] [INFO]     Agent Compliance Issues: 43
[2025-12-11 04:01:19] [INFO]     File Structure Issues: 0
[2025-12-11 04:01:19] [INFO]   
[2025-12-11 04:01:19] [INFO]   TOTAL ISSUES: 45
[2025-12-11 04:01:19] [INFO]   
[2025-12-11 04:01:19] [INFO]   Reports saved to:
[2025-12-11 04:01:19] [INFO]     JSON Report: C:\Users\JARVIS\OneDrive\Documents\Real_estate_Intelligence\reports\sop-enforcement\sop_report_20251211_040118.json
[2025-12-11 04:01:19] [INFO]     Actions Log: C:\Users\JARVIS\OneDrive\Documents\Real_estate_Intelligence\reports\sop-enforcement\enforcement_actions_20251211_040118.log
[2025-12-11 04:01:19] [SUCCESS] PHASE 4: SUCCESS
[2025-12-11 04:01:19] [INFO] 
[2025-12-11 04:01:19] [PHASE] PHASE 5: GIT STATUS
[2025-12-11 04:01:19] [WARN] Changes detected: 36 files
[2025-12-11 04:01:19] [INFO]   ?? .env
[2025-12-11 04:01:19] [INFO]   ?? .github/
[2025-12-11 04:01:19] [INFO]   ?? API_VALIDATION_REPORT.md
[2025-12-11 04:01:19] [INFO]   ?? AUTONOMOUS_QUICK_START.md
[2025-12-11 04:01:19] [INFO]   ?? AUTO_FEATURES_INDEX.md
[2025-12-11 04:01:19] [INFO]   ?? AUTO_KEEP_APPROVE_GUIDE.md
[2025-12-11 04:01:19] [INFO]   ?? COMPLIANCE_STANDARDS_FRAMEWORK.md
[2025-12-11 04:01:19] [INFO]   ?? DEPLOYMENT_CHECKLIST.md
[2025-12-11 04:01:19] [INFO]   ?? Dockerfile
[2025-12-11 04:01:19] [INFO]   ?? ENTERPRISE_TRANSFORMATION_ROADMAP.md
[2025-12-11 04:01:19] [INFO] 
[2025-12-11 04:01:19] [PHASE] PHASE 6: SYSTEM SUMMARY
[2025-12-11 04:01:20] [INFO] Agents: 43 | Files: 227 | Size: 0.00 GB
[2025-12-11 04:01:20] [SUCCESS]   OK: SYSTEM_MANIFEST.md
[2025-12-11 04:01:20] [SUCCESS]   OK: COMPLIANCE_STANDARDS_FRAMEWORK.md
[2025-12-11 04:01:20] [SUCCESS]   OK: enterprise\00-MASTER-INDEX\ENTERPRISE_INDEX.md
[2025-12-11 04:01:20] [SUCCESS]   OK: enterprise\07-TASKS\TASK_MANIFEST.json
[2025-12-11 04:01:20] [SUCCESS] PHASE 6: SUCCESS
[2025-12-11 04:01:20] [INFO] 
[2025-12-11 04:01:20] [PHASE] ======================================================
[2025-12-11 04:01:20] [PHASE] ORCHESTRATION COMPLETE
[2025-12-11 04:01:20] [PHASE] ======================================================
[2025-12-11 04:01:20] [INFO] 
[2025-12-11 04:01:20] [INFO] Results:
[2025-12-11 04:01:20] [INFO]   summary: COMPLETE
[2025-12-11 04:01:20] [INFO]   compliance: COMPLETE
[2025-12-11 04:01:20] [INFO]   sop_validate: COMPLETE
[2025-12-11 04:01:20] [INFO]   sop_enforce: COMPLETE
[2025-12-11 04:01:20] [INFO]   autonomous: COMPLETE
[2025-12-11 04:01:20] [INFO]   git: PENDING
[2025-12-11 04:01:20] [INFO] Duration: 6 min 10 sec
[2025-12-11 04:01:20] [INFO] 
[2025-12-11 04:01:20] [INFO] Logs saved to: C:\Users\JARVIS\OneDrive\Documents\Real_estate_Intelligence\logs\orchestration
[2025-12-11 04:01:20] [INFO] Reports saved to: C:\Users\JARVIS\OneDrive\Documents\Real_estate_Intelligence\reports\orchestration
[2025-12-11 04:01:20] [SUCCESS] Report: C:\Users\JARVIS\OneDrive\Documents\Real_estate_Intelligence\reports\orchestration\report_20251211_035509.txt
